<?xml version="1.0" encoding="UTF-8"?>
<!-- Generated by org.testng.reporters.JUnitXMLReporter -->
<testsuite ignored="0" hostname="EC2AMAZ-S11DBRH" failures="0" tests="5" name="Default test" time="1.814" errors="0" timestamp="2023-12-14T07:09:36 GMT">
  <testcase classname="testScripts.PlaceOrderTest" name="validLogin" time="0.072"/>
  <testcase classname="testScripts.PlaceOrderTest" name="addItem" time="0.261"/>
  <testcase classname="testScripts.PlaceOrderTest" name="removeItem" time="0.062"/>
  <testcase classname="testScripts.PlaceOrderTest" name="checkoutTest" time="0.077"/>
  <testcase classname="testScripts.PlaceOrderTest" name="information" time="0.443"/>
</testsuite> <!-- Default test -->
