<?xml version="1.0" encoding="UTF-8"?>
<testng-results ignored="0" total="5" passed="5" failed="0" skipped="0">
  <reporter-output>
  </reporter-output>
  <suite started-at="2023-12-14T07:09:34 GMT" name="Default suite" finished-at="2023-12-14T07:09:36 GMT" duration-ms="1814">
    <groups>
    </groups>
    <test started-at="2023-12-14T07:09:34 GMT" name="Default test" finished-at="2023-12-14T07:09:36 GMT" duration-ms="1814">
      <class name="testScripts.PlaceOrderTest">
        <test-method is-config="true" signature="setup()[pri:0, instance:testScripts.PlaceOrderTest@4d9d1b69]" started-at="2023-12-14T07:09:34 GMT" name="setup" finished-at="2023-12-14T07:09:35 GMT" duration-ms="848" status="PASS">
          <reporter-output>
          </reporter-output>
        </test-method> <!-- setup -->
        <test-method signature="validLogin()[pri:1, instance:testScripts.PlaceOrderTest@4d9d1b69]" started-at="2023-12-14T07:09:35 GMT" name="validLogin" finished-at="2023-12-14T07:09:35 GMT" duration-ms="72" status="PASS">
          <reporter-output>
          </reporter-output>
        </test-method> <!-- validLogin -->
        <test-method signature="addItem()[pri:2, instance:testScripts.PlaceOrderTest@4d9d1b69]" started-at="2023-12-14T07:09:35 GMT" name="addItem" finished-at="2023-12-14T07:09:35 GMT" duration-ms="261" status="PASS">
          <reporter-output>
          </reporter-output>
        </test-method> <!-- addItem -->
        <test-method signature="removeItem()[pri:3, instance:testScripts.PlaceOrderTest@4d9d1b69]" started-at="2023-12-14T07:09:35 GMT" name="removeItem" finished-at="2023-12-14T07:09:35 GMT" duration-ms="62" status="PASS">
          <reporter-output>
          </reporter-output>
        </test-method> <!-- removeItem -->
        <test-method signature="checkoutTest()[pri:4, instance:testScripts.PlaceOrderTest@4d9d1b69]" started-at="2023-12-14T07:09:35 GMT" name="checkoutTest" finished-at="2023-12-14T07:09:35 GMT" duration-ms="77" status="PASS">
          <reporter-output>
          </reporter-output>
        </test-method> <!-- checkoutTest -->
        <test-method signature="information()[pri:5, instance:testScripts.PlaceOrderTest@4d9d1b69]" started-at="2023-12-14T07:09:35 GMT" name="information" finished-at="2023-12-14T07:09:36 GMT" duration-ms="443" status="PASS">
          <reporter-output>
          </reporter-output>
        </test-method> <!-- information -->
      </class> <!-- testScripts.PlaceOrderTest -->
    </test> <!-- Default test -->
  </suite> <!-- Default suite -->
</testng-results>
